<?xml version="1.0" encoding="UTF-8"?>
<!-- Generated by org.testng.reporters.JUnitXMLReporter -->
<testsuite hostname="GUR00004638L" name="Amazon Sanity Test Cases" tests="3" failures="0" timestamp="16 Jun 2019 20:48:41 GMT" time="104.332" errors="0">
  <testcase name="loginToAmazonAccount" time="9.188" classname="com.amazon.test.testcases.LoginTestCase"/>
  <testcase name="logoutFromAmazonAccount" time="9.133" classname="com.amazon.test.testcases.LoginTestCase"/>
  <testcase name="serachandAddItemtoCart" time="55.067" classname="com.amazon.test.testcases.SearchandAdditemTestCase"/>
</testsuite> <!-- Amazon Sanity Test Cases -->
