<?xml version="1.0" encoding="UTF-8"?>
<testng-results skipped="0" failed="0" total="3" passed="3">
  <reporter-output>
  </reporter-output>
  <suite name="Amazon Automation Test Suite" duration-ms="104332" started-at="2019-06-16T20:46:57Z" finished-at="2019-06-16T20:48:41Z">
    <groups>
    </groups>
    <test name="Amazon Sanity Test Cases" duration-ms="104332" started-at="2019-06-16T20:46:57Z" finished-at="2019-06-16T20:48:41Z">
      <class name="com.amazon.test.testcases.SearchandAdditemTestCase">
        <test-method status="PASS" signature="setUp()[pri:0, instance:com.amazon.test.testcases.SearchandAdditemTestCase@3c09711b]" name="setUp" is-config="true" duration-ms="7163" started-at="2019-06-17T02:17:37Z" finished-at="2019-06-17T02:17:45Z">
          <reporter-output>
          </reporter-output>
        </test-method> <!-- setUp -->
        <test-method status="PASS" signature="serachandAddItemtoCart(java.lang.String, java.lang.String)[pri:0, instance:com.amazon.test.testcases.SearchandAdditemTestCase@3c09711b]" name="serachandAddItemtoCart" duration-ms="55067" started-at="2019-06-17T02:17:45Z" data-provider="getAmazonTestData" finished-at="2019-06-17T02:18:40Z">
          <params>
            <param index="0">
              <value>
                <![CDATA[Macbook pro]]>
              </value>
            </param>
            <param index="1">
              <value>
                <![CDATA[2.0]]>
              </value>
            </param>
          </params>
          <reporter-output>
          </reporter-output>
        </test-method> <!-- serachandAddItemtoCart -->
        <test-method status="PASS" signature="tearDown()[pri:0, instance:com.amazon.test.testcases.SearchandAdditemTestCase@3c09711b]" name="tearDown" is-config="true" duration-ms="1250" started-at="2019-06-17T02:18:40Z" finished-at="2019-06-17T02:18:41Z">
          <reporter-output>
          </reporter-output>
        </test-method> <!-- tearDown -->
      </class> <!-- com.amazon.test.testcases.SearchandAdditemTestCase -->
      <class name="com.amazon.test.testcases.LoginTestCase">
        <test-method status="PASS" signature="setUp()[pri:0, instance:com.amazon.test.testcases.LoginTestCase@7946e1f4]" name="setUp" is-config="true" duration-ms="10965" started-at="2019-06-17T02:16:57Z" finished-at="2019-06-17T02:17:07Z">
          <reporter-output>
          </reporter-output>
        </test-method> <!-- setUp -->
        <test-method status="PASS" signature="loginToAmazonAccount()[pri:0, instance:com.amazon.test.testcases.LoginTestCase@7946e1f4]" name="loginToAmazonAccount" duration-ms="9188" started-at="2019-06-17T02:17:07Z" finished-at="2019-06-17T02:17:17Z">
          <reporter-output>
          </reporter-output>
        </test-method> <!-- loginToAmazonAccount -->
        <test-method status="PASS" signature="tearDown()[pri:0, instance:com.amazon.test.testcases.LoginTestCase@7946e1f4]" name="tearDown" is-config="true" duration-ms="1363" started-at="2019-06-17T02:17:17Z" finished-at="2019-06-17T02:17:18Z">
          <reporter-output>
          </reporter-output>
        </test-method> <!-- tearDown -->
        <test-method status="PASS" signature="setUp()[pri:0, instance:com.amazon.test.testcases.LoginTestCase@7946e1f4]" name="setUp" is-config="true" duration-ms="8169" started-at="2019-06-17T02:17:18Z" finished-at="2019-06-17T02:17:26Z">
          <reporter-output>
          </reporter-output>
        </test-method> <!-- setUp -->
        <test-method status="PASS" signature="logoutFromAmazonAccount()[pri:0, instance:com.amazon.test.testcases.LoginTestCase@7946e1f4]" name="logoutFromAmazonAccount" duration-ms="9133" started-at="2019-06-17T02:17:26Z" finished-at="2019-06-17T02:17:35Z">
          <reporter-output>
          </reporter-output>
        </test-method> <!-- logoutFromAmazonAccount -->
        <test-method status="PASS" signature="tearDown()[pri:0, instance:com.amazon.test.testcases.LoginTestCase@7946e1f4]" name="tearDown" is-config="true" duration-ms="1217" started-at="2019-06-17T02:17:35Z" finished-at="2019-06-17T02:17:37Z">
          <reporter-output>
          </reporter-output>
        </test-method> <!-- tearDown -->
      </class> <!-- com.amazon.test.testcases.LoginTestCase -->
    </test> <!-- Amazon Sanity Test Cases -->
  </suite> <!-- Amazon Automation Test Suite -->
</testng-results>
